2025-11-02T23:57:15.301Z [INFO]: [90m2025-11-02T23:57:15.300Z[39m [36mGET[39m / [36m304[39m [35m9.387 ms[39m
2025-11-02T23:57:15.323Z [INFO]: [90m2025-11-02T23:57:15.323Z[39m [36mGET[39m /css/style.css [36m304[39m [35m2.072 ms[39m
2025-11-02T23:57:15.325Z [INFO]: [90m2025-11-02T23:57:15.325Z[39m [36mGET[39m /js/menu.js [36m304[39m [35m2.831 ms[39m
2025-11-02T23:57:15.481Z [INFO]: [90m2025-11-02T23:57:15.481Z[39m [36mGET[39m /favicon.ico [36m302[39m [35m3.737 ms[39m
2025-11-02T23:57:15.495Z [INFO]: [90m2025-11-02T23:57:15.495Z[39m [36mGET[39m / [36m304[39m [35m3.051 ms[39m
2025-11-02T23:57:17.935Z [INFO]: [90m2025-11-02T23:57:17.935Z[39m [36mGET[39m /nodes [36m302[39m [35m1.757 ms[39m
2025-11-02T23:57:17.943Z [INFO]: [90m2025-11-02T23:57:17.943Z[39m [36mGET[39m /auth/login [36m304[39m [35m2.959 ms[39m
2025-11-02T23:57:17.984Z [INFO]: [90m2025-11-02T23:57:17.984Z[39m [36mGET[39m /css/style.css [36m304[39m [35m0.675 ms[39m
2025-11-02T23:57:17.988Z [INFO]: [90m2025-11-02T23:57:17.988Z[39m [36mGET[39m /js/menu.js [36m304[39m [35m1.821 ms[39m
2025-11-02T23:57:17.989Z [INFO]: [90m2025-11-02T23:57:17.989Z[39m [36mGET[39m /js/auth-client.js [36m304[39m [35m2.843 ms[39m
2025-11-02T23:57:18.110Z [INFO]: [90m2025-11-02T23:57:18.110Z[39m [36mGET[39m /favicon.ico [36m302[39m [35m1.188 ms[39m
2025-11-02T23:57:18.123Z [INFO]: [90m2025-11-02T23:57:18.123Z[39m [36mGET[39m / [36m304[39m [35m3.276 ms[39m
2025-11-02T23:57:19.636Z [INFO]: [90m2025-11-02T23:57:19.636Z[39m [32mPOST[39m /auth/sessionLogout [32m200[39m [35m1.860 ms[39m
2025-11-02T23:57:19.643Z [INFO]: [90m2025-11-02T23:57:19.643Z[39m [36mGET[39m /favicon.ico [36m302[39m [35m1.777 ms[39m
2025-11-02T23:57:19.663Z [INFO]: [90m2025-11-02T23:57:19.663Z[39m [36mGET[39m / [36m304[39m [35m2.875 ms[39m
2025-11-02T23:57:19.681Z [INFO]: [90m2025-11-02T23:57:19.681Z[39m [36mGET[39m / [36m304[39m [35m2.857 ms[39m
2025-11-02T23:57:19.710Z [INFO]: [90m2025-11-02T23:57:19.710Z[39m [36mGET[39m /css/style.css [36m304[39m [35m1.111 ms[39m
2025-11-02T23:57:19.711Z [INFO]: [90m2025-11-02T23:57:19.711Z[39m [36mGET[39m /js/menu.js [36m304[39m [35m1.732 ms[39m
2025-11-02T23:57:19.791Z [INFO]: [90m2025-11-02T23:57:19.791Z[39m [36mGET[39m /favicon.ico [36m302[39m [35m0.742 ms[39m
2025-11-02T23:57:19.812Z [INFO]: [90m2025-11-02T23:57:19.811Z[39m [36mGET[39m / [36m304[39m [35m1.500 ms[39m
2025-11-02T23:57:21.093Z [INFO]: [90m2025-11-02T23:57:21.093Z[39m [36mGET[39m /auth/login [36m304[39m [35m3.134 ms[39m
2025-11-02T23:57:21.140Z [INFO]: [90m2025-11-02T23:57:21.140Z[39m [36mGET[39m /css/style.css [36m304[39m [35m0.675 ms[39m
2025-11-02T23:57:21.145Z [INFO]: [90m2025-11-02T23:57:21.145Z[39m [36mGET[39m /js/menu.js [36m304[39m [35m0.822 ms[39m
2025-11-02T23:57:21.148Z [INFO]: [90m2025-11-02T23:57:21.148Z[39m [36mGET[39m /js/auth-client.js [36m304[39m [35m0.796 ms[39m
2025-11-02T23:57:21.230Z [INFO]: [90m2025-11-02T23:57:21.230Z[39m [36mGET[39m /favicon.ico [36m302[39m [35m0.954 ms[39m
2025-11-02T23:57:21.251Z [INFO]: [90m2025-11-02T23:57:21.251Z[39m [36mGET[39m / [36m304[39m [35m1.550 ms[39m
2025-11-02T23:57:40.391Z [ERROR]: GET /test-error -> 🔥 Intentional test error for logging system
2025-11-02T23:57:40.393Z [INFO]: [90m2025-11-02T23:57:40.393Z[39m [31mGET[39m /test-error [31m500[39m [35m2.415 ms[39m
2025-11-02T23:57:40.530Z [INFO]: [90m2025-11-02T23:57:40.530Z[39m [36mGET[39m /favicon.ico [36m302[39m [35m1.170 ms[39m
2025-11-02T23:57:40.542Z [INFO]: [90m2025-11-02T23:57:40.542Z[39m [36mGET[39m / [36m304[39m [35m2.193 ms[39m
2025-11-03T00:09:20.290Z [INFO]: [90m2025-11-03T00:09:20.290Z[39m [36mGET[39m /favicon.ico [36m302[39m [35m0.915 ms[39m
2025-11-03T00:09:20.323Z [INFO]: [90m2025-11-03T00:09:20.323Z[39m [36mGET[39m / [36m304[39m [35m3.232 ms[39m
2025-11-03T00:14:30.763Z [INFO]: [90m2025-11-03T00:14:30.763Z[39m [36mGET[39m /about [36m304[39m [35m13.311 ms[39m
2025-11-03T00:14:30.787Z [INFO]: [90m2025-11-03T00:14:30.787Z[39m [36mGET[39m /css/style.css [36m304[39m [35m3.128 ms[39m
2025-11-03T00:14:30.791Z [INFO]: [90m2025-11-03T00:14:30.791Z[39m [36mGET[39m /js/menu.js [36m304[39m [35m1.408 ms[39m
2025-11-03T00:14:30.993Z [INFO]: [90m2025-11-03T00:14:30.993Z[39m [36mGET[39m /favicon.ico [36m302[39m [35m1.924 ms[39m
2025-11-03T00:14:31.003Z [INFO]: [90m2025-11-03T00:14:31.003Z[39m [36mGET[39m / [36m304[39m [35m2.337 ms[39m
2025-11-03T00:14:36.748Z [INFO]: [90m2025-11-03T00:14:36.748Z[39m [36mGET[39m /auth/login [36m304[39m [35m4.014 ms[39m
2025-11-03T00:14:36.775Z [INFO]: [90m2025-11-03T00:14:36.775Z[39m [36mGET[39m /css/style.css [36m304[39m [35m0.843 ms[39m
2025-11-03T00:14:36.780Z [INFO]: [90m2025-11-03T00:14:36.780Z[39m [36mGET[39m /js/menu.js [36m304[39m [35m2.671 ms[39m
2025-11-03T00:14:36.781Z [INFO]: [90m2025-11-03T00:14:36.781Z[39m [36mGET[39m /js/auth-client.js [36m304[39m [35m2.697 ms[39m
2025-11-03T00:14:36.911Z [INFO]: [90m2025-11-03T00:14:36.911Z[39m [36mGET[39m /favicon.ico [36m302[39m [35m1.899 ms[39m
2025-11-03T00:14:36.924Z [INFO]: [90m2025-11-03T00:14:36.923Z[39m [36mGET[39m / [36m304[39m [35m3.381 ms[39m
2025-11-03T00:15:11.471Z [INFO]: [90m2025-11-03T00:15:11.471Z[39m [32mPOST[39m /auth/verify [32m200[39m [35m880.033 ms[39m
2025-11-03T00:15:11.496Z [INFO]: [90m2025-11-03T00:15:11.496Z[39m [36mGET[39m / [36m304[39m [35m3.332 ms[39m
2025-11-03T00:15:11.525Z [INFO]: [90m2025-11-03T00:15:11.525Z[39m [36mGET[39m /css/style.css [36m304[39m [35m1.504 ms[39m
2025-11-03T00:15:11.529Z [INFO]: [90m2025-11-03T00:15:11.528Z[39m [36mGET[39m /js/menu.js [36m304[39m [35m1.283 ms[39m
2025-11-03T00:15:11.663Z [INFO]: [90m2025-11-03T00:15:11.663Z[39m [36mGET[39m /favicon.ico [36m302[39m [35m1.345 ms[39m
2025-11-03T00:15:11.672Z [INFO]: [90m2025-11-03T00:15:11.671Z[39m [36mGET[39m / [36m304[39m [35m1.740 ms[39m
2025-11-03T00:15:16.741Z [INFO]: [90m2025-11-03T00:15:16.741Z[39m [32mPOST[39m /auth/sessionLogout [32m200[39m [35m2.211 ms[39m
2025-11-03T00:15:16.747Z [INFO]: [90m2025-11-03T00:15:16.747Z[39m [36mGET[39m /favicon.ico [36m302[39m [35m1.258 ms[39m
2025-11-03T00:15:16.768Z [INFO]: [90m2025-11-03T00:15:16.767Z[39m [36mGET[39m / [36m304[39m [35m1.420 ms[39m
2025-11-03T00:15:16.770Z [INFO]: [90m2025-11-03T00:15:16.770Z[39m [36mGET[39m / [36m304[39m [35m1.278 ms[39m
2025-11-03T00:15:16.792Z [INFO]: [90m2025-11-03T00:15:16.792Z[39m [36mGET[39m /css/style.css [36m304[39m [35m0.532 ms[39m
2025-11-03T00:15:16.793Z [INFO]: [90m2025-11-03T00:15:16.793Z[39m [36mGET[39m /js/menu.js [36m304[39m [35m0.804 ms[39m
2025-11-03T00:15:16.901Z [INFO]: [90m2025-11-03T00:15:16.901Z[39m [36mGET[39m /favicon.ico [36m302[39m [35m0.656 ms[39m
2025-11-03T00:15:16.908Z [INFO]: [90m2025-11-03T00:15:16.908Z[39m [36mGET[39m / [36m304[39m [35m1.398 ms[39m
2025-11-03T00:15:17.696Z [INFO]: [90m2025-11-03T00:15:17.696Z[39m [36mGET[39m /auth/login [36m304[39m [35m4.690 ms[39m
2025-11-03T00:15:17.753Z [INFO]: [90m2025-11-03T00:15:17.753Z[39m [36mGET[39m /css/style.css [36m304[39m [35m0.535 ms[39m
2025-11-03T00:15:17.760Z [INFO]: [90m2025-11-03T00:15:17.760Z[39m [36mGET[39m /js/menu.js [36m304[39m [35m1.118 ms[39m
2025-11-03T00:15:17.765Z [INFO]: [90m2025-11-03T00:15:17.765Z[39m [36mGET[39m /js/auth-client.js [36m304[39m [35m0.679 ms[39m
2025-11-03T00:15:17.843Z [INFO]: [90m2025-11-03T00:15:17.843Z[39m [36mGET[39m /favicon.ico [36m302[39m [35m1.853 ms[39m
2025-11-03T00:15:17.852Z [INFO]: [90m2025-11-03T00:15:17.852Z[39m [36mGET[39m / [36m304[39m [35m1.317 ms[39m
2025-11-03T00:16:06.367Z [ERROR]: GET /test-error -> 🔥 Intentional test error for logging system
2025-11-03T00:16:06.370Z [INFO]: [90m2025-11-03T00:16:06.370Z[39m [31mGET[39m /test-error [31m500[39m [35m2.824 ms[39m
2025-11-03T00:16:06.540Z [INFO]: [90m2025-11-03T00:16:06.540Z[39m [36mGET[39m /favicon.ico [36m302[39m [35m1.612 ms[39m
2025-11-03T00:16:06.569Z [INFO]: [90m2025-11-03T00:16:06.569Z[39m [36mGET[39m / [36m304[39m [35m2.007 ms[39m
2025-11-03T00:17:17.834Z [INFO]: [90m2025-11-03T00:17:17.834Z[39m [36mGET[39m /auth/login [36m304[39m [35m4.346 ms[39m
2025-11-03T00:17:17.862Z [INFO]: [90m2025-11-03T00:17:17.862Z[39m [36mGET[39m /css/style.css [36m304[39m [35m1.661 ms[39m
2025-11-03T00:17:17.866Z [INFO]: [90m2025-11-03T00:17:17.866Z[39m [36mGET[39m /js/menu.js [36m304[39m [35m1.267 ms[39m
2025-11-03T00:17:17.872Z [INFO]: [90m2025-11-03T00:17:17.872Z[39m [36mGET[39m /js/auth-client.js [36m304[39m [35m1.046 ms[39m
2025-11-03T00:17:17.988Z [INFO]: [90m2025-11-03T00:17:17.988Z[39m [36mGET[39m /favicon.ico [36m302[39m [35m0.846 ms[39m
2025-11-03T00:17:18.002Z [INFO]: [90m2025-11-03T00:17:18.002Z[39m [36mGET[39m / [36m304[39m [35m1.763 ms[39m
2025-11-03T00:29:28.254Z [INFO]: [90m2025-11-03T00:29:28.253Z[39m [36mGET[39m /map [36m304[39m [35m17.814 ms[39m
2025-11-03T00:29:28.340Z [INFO]: [90m2025-11-03T00:29:28.340Z[39m [36mGET[39m /css/style.css [36m304[39m [35m1.807 ms[39m
2025-11-03T00:29:28.347Z [INFO]: [90m2025-11-03T00:29:28.347Z[39m [36mGET[39m /js/menu.js [36m304[39m [35m3.212 ms[39m
2025-11-03T00:29:28.349Z [INFO]: [90m2025-11-03T00:29:28.349Z[39m [36mGET[39m /css/bcit-map.css [36m304[39m [35m4.734 ms[39m
2025-11-03T00:29:28.352Z [INFO]: [90m2025-11-03T00:29:28.352Z[39m [36mGET[39m /js/map.js [36m302[39m [35m7.252 ms[39m
2025-11-03T00:29:28.435Z [INFO]: [90m2025-11-03T00:29:28.435Z[39m [36mGET[39m /js/bcit-map.js [36m304[39m [35m0.906 ms[39m
2025-11-03T00:29:28.450Z [INFO]: [90m2025-11-03T00:29:28.450Z[39m [36mGET[39m / [36m304[39m [35m2.451 ms[39m
2025-11-03T00:29:28.928Z [INFO]: [90m2025-11-03T00:29:28.928Z[39m [36mGET[39m /favicon.ico [36m302[39m [35m1.325 ms[39m
2025-11-03T00:29:28.942Z [INFO]: [90m2025-11-03T00:29:28.942Z[39m [36mGET[39m / [36m304[39m [35m3.003 ms[39m
2025-11-03T00:29:29.285Z [INFO]: [90m2025-11-03T00:29:29.285Z[39m [32mGET[39m /data/bcit-buildings-index.json [32m200[39m [35m3.248 ms[39m
2025-11-03T00:29:29.287Z [INFO]: [90m2025-11-03T00:29:29.287Z[39m [32mGET[39m /data/bcit-coordinates.geojson [32m200[39m [35m3.047 ms[39m
2025-11-03T00:29:32.211Z [INFO]: [90m2025-11-03T00:29:32.211Z[39m [36mGET[39m /bcit-map [36m304[39m [35m2.671 ms[39m
2025-11-03T00:29:32.252Z [INFO]: [90m2025-11-03T00:29:32.252Z[39m [36mGET[39m /css/bcit-map.css [36m304[39m [35m1.004 ms[39m
2025-11-03T00:29:32.262Z [INFO]: [90m2025-11-03T00:29:32.262Z[39m [36mGET[39m /js/bcit-map.js [36m304[39m [35m0.846 ms[39m
2025-11-03T00:29:32.730Z [INFO]: [90m2025-11-03T00:29:32.729Z[39m [36mGET[39m /favicon.ico [36m302[39m [35m1.187 ms[39m
2025-11-03T00:29:32.750Z [INFO]: [90m2025-11-03T00:29:32.750Z[39m [36mGET[39m / [36m304[39m [35m3.217 ms[39m
2025-11-03T00:29:32.848Z [INFO]: [90m2025-11-03T00:29:32.848Z[39m [32mGET[39m /data/bcit-buildings-index.json [32m200[39m [35m2.289 ms[39m
2025-11-03T00:29:32.849Z [INFO]: [90m2025-11-03T00:29:32.849Z[39m [32mGET[39m /data/bcit-coordinates.geojson [32m200[39m [35m2.784 ms[39m
2025-11-03T00:29:35.870Z [INFO]: [90m2025-11-03T00:29:35.870Z[39m [36mGET[39m /favicon.ico [36m302[39m [35m1.612 ms[39m
2025-11-03T00:29:35.912Z [INFO]: [90m2025-11-03T00:29:35.912Z[39m [36mGET[39m / [36m304[39m [35m2.517 ms[39m
2025-11-03T00:29:37.645Z [INFO]: [90m2025-11-03T00:29:37.645Z[39m [36mGET[39m /nodes [36m302[39m [35m2.195 ms[39m
2025-11-03T00:29:37.662Z [INFO]: [90m2025-11-03T00:29:37.661Z[39m [36mGET[39m /auth/login [36m304[39m [35m4.373 ms[39m
2025-11-03T00:29:37.694Z [INFO]: [90m2025-11-03T00:29:37.694Z[39m [36mGET[39m /css/style.css [36m304[39m [35m1.505 ms[39m
2025-11-03T00:29:37.697Z [INFO]: [90m2025-11-03T00:29:37.697Z[39m [36mGET[39m /js/menu.js [36m304[39m [35m2.971 ms[39m
2025-11-03T00:29:37.698Z [INFO]: [90m2025-11-03T00:29:37.698Z[39m [36mGET[39m /js/auth-client.js [36m304[39m [35m0.597 ms[39m
2025-11-03T00:29:37.922Z [INFO]: [90m2025-11-03T00:29:37.922Z[39m [36mGET[39m /favicon.ico [36m302[39m [35m1.493 ms[39m
2025-11-03T00:29:37.954Z [INFO]: [90m2025-11-03T00:29:37.954Z[39m [36mGET[39m / [36m304[39m [35m2.581 ms[39m
2025-11-03T00:29:38.664Z [INFO]: [90m2025-11-03T00:29:38.664Z[39m [36mGET[39m /about [36m304[39m [35m2.909 ms[39m
2025-11-03T00:29:38.706Z [INFO]: [90m2025-11-03T00:29:38.706Z[39m [36mGET[39m /css/style.css [36m304[39m [35m1.063 ms[39m
2025-11-03T00:29:38.716Z [INFO]: [90m2025-11-03T00:29:38.716Z[39m [36mGET[39m /js/menu.js [36m304[39m [35m0.885 ms[39m
2025-11-03T00:29:38.947Z [INFO]: [90m2025-11-03T00:29:38.947Z[39m [36mGET[39m /favicon.ico [36m302[39m [35m1.118 ms[39m
2025-11-03T00:29:38.959Z [INFO]: [90m2025-11-03T00:29:38.959Z[39m [36mGET[39m / [36m304[39m [35m3.436 ms[39m
2025-11-03T00:29:39.854Z [INFO]: [90m2025-11-03T00:29:39.854Z[39m [36mGET[39m /auth/login [36m304[39m [35m4.427 ms[39m
2025-11-03T00:29:39.884Z [INFO]: [90m2025-11-03T00:29:39.884Z[39m [36mGET[39m /css/style.css [36m304[39m [35m1.028 ms[39m
2025-11-03T00:29:39.897Z [INFO]: [90m2025-11-03T00:29:39.897Z[39m [36mGET[39m /js/menu.js [36m304[39m [35m1.505 ms[39m
2025-11-03T00:29:39.898Z [INFO]: [90m2025-11-03T00:29:39.898Z[39m [36mGET[39m /js/auth-client.js [36m304[39m [35m1.262 ms[39m
2025-11-03T00:29:40.007Z [INFO]: [90m2025-11-03T00:29:40.006Z[39m [36mGET[39m /favicon.ico [36m302[39m [35m1.030 ms[39m
2025-11-03T00:29:40.017Z [INFO]: [90m2025-11-03T00:29:40.017Z[39m [36mGET[39m / [36m304[39m [35m2.426 ms[39m
2025-11-03T00:29:40.931Z [INFO]: [90m2025-11-03T00:29:40.931Z[39m [36mGET[39m / [36m304[39m [35m2.858 ms[39m
2025-11-03T00:29:40.973Z [INFO]: [90m2025-11-03T00:29:40.973Z[39m [36mGET[39m /css/style.css [36m304[39m [35m0.893 ms[39m
2025-11-03T00:29:40.977Z [INFO]: [90m2025-11-03T00:29:40.977Z[39m [36mGET[39m /js/menu.js [36m304[39m [35m0.837 ms[39m
2025-11-03T00:29:41.061Z [INFO]: [90m2025-11-03T00:29:41.061Z[39m [36mGET[39m /favicon.ico [36m302[39m [35m0.964 ms[39m
2025-11-03T00:29:41.083Z [INFO]: [90m2025-11-03T00:29:41.083Z[39m [36mGET[39m / [36m304[39m [35m1.965 ms[39m
2025-11-03T00:30:06.132Z [INFO]: [90m2025-11-03T00:30:06.132Z[39m [36mGET[39m /map [36m304[39m [35m3.138 ms[39m
2025-11-03T00:30:06.174Z [INFO]: [90m2025-11-03T00:30:06.174Z[39m [36mGET[39m /css/style.css [36m304[39m [35m1.222 ms[39m
2025-11-03T00:30:06.176Z [INFO]: [90m2025-11-03T00:30:06.176Z[39m [36mGET[39m /js/menu.js [36m304[39m [35m1.168 ms[39m
2025-11-03T00:30:06.177Z [INFO]: [90m2025-11-03T00:30:06.177Z[39m [36mGET[39m /css/bcit-map.css [36m304[39m [35m1.369 ms[39m
2025-11-03T00:30:06.178Z [INFO]: [90m2025-11-03T00:30:06.178Z[39m [36mGET[39m /js/map.js [36m302[39m [35m1.867 ms[39m
2025-11-03T00:30:06.210Z [INFO]: [90m2025-11-03T00:30:06.210Z[39m [36mGET[39m /js/bcit-map.js [36m304[39m [35m0.808 ms[39m
2025-11-03T00:30:06.213Z [INFO]: [90m2025-11-03T00:30:06.212Z[39m [36mGET[39m / [36m304[39m [35m1.780 ms[39m
2025-11-03T00:30:06.640Z [INFO]: [90m2025-11-03T00:30:06.640Z[39m [36mGET[39m /favicon.ico [36m302[39m [35m0.979 ms[39m
2025-11-03T00:30:06.654Z [INFO]: [90m2025-11-03T00:30:06.654Z[39m [36mGET[39m / [36m304[39m [35m2.166 ms[39m
2025-11-03T00:30:06.996Z [INFO]: [90m2025-11-03T00:30:06.996Z[39m [32mGET[39m /data/bcit-buildings-index.json [32m200[39m [35m1.958 ms[39m
2025-11-03T00:30:06.998Z [INFO]: [90m2025-11-03T00:30:06.998Z[39m [32mGET[39m /data/bcit-coordinates.geojson [32m200[39m [35m1.973 ms[39m
2025-11-03T00:31:12.125Z [ERROR]: GET /test-error -> 🔥 Intentional test error for logging system auth
2025-11-03T00:31:13.283Z [ERROR]: GET /test-error -> 🔥 Intentional test error for logging system auth
2025-11-03T00:31:13.945Z [WARN]: Critical event logged to Firestore: FirebaseAuthError
2025-11-03T00:31:13.952Z [INFO]: [90m2025-11-03T00:31:13.952Z[39m [31mGET[39m /test-error [31m500[39m [35m671.094 ms[39m
2025-11-03T00:31:14.098Z [INFO]: [90m2025-11-03T00:31:14.098Z[39m [36mGET[39m /favicon.ico [36m302[39m [35m2.161 ms[39m
2025-11-03T00:31:14.115Z [INFO]: [90m2025-11-03T00:31:14.115Z[39m [36mGET[39m / [36m304[39m [35m6.367 ms[39m
2025-11-03T01:19:27.761Z [INFO]: [90m2025-11-03T01:19:27.760Z[39m [36mGET[39m /favicon.ico [36m302[39m [35m10.456 ms[39m
2025-11-03T01:19:27.796Z [INFO]: [90m2025-11-03T01:19:27.796Z[39m [36mGET[39m / [36m304[39m [35m13.980 ms[39m
2025-11-03T01:19:28.575Z [INFO]: [90m2025-11-03T01:19:28.575Z[39m [36mGET[39m / [36m304[39m [35m15.692 ms[39m
2025-11-03T01:19:28.597Z [INFO]: [90m2025-11-03T01:19:28.597Z[39m [32mGET[39m /data/bcit-coordinates.geojson [32m200[39m [35m9.908 ms[39m
2025-11-03T01:19:28.624Z [INFO]: [90m2025-11-03T01:19:28.624Z[39m [32mGET[39m /data/bcit-buildings-index.json [32m200[39m [35m1.688 ms[39m
2025-11-03T01:19:28.656Z [INFO]: [90m2025-11-03T01:19:28.656Z[39m [36mGET[39m /css/style.css [36m304[39m [35m4.641 ms[39m
2025-11-03T01:19:28.659Z [INFO]: [90m2025-11-03T01:19:28.659Z[39m [36mGET[39m /js/menu.js [36m304[39m [35m5.345 ms[39m
2025-11-03T01:19:28.738Z [INFO]: [90m2025-11-03T01:19:28.738Z[39m [36mGET[39m /favicon.ico [36m302[39m [35m1.862 ms[39m
2025-11-03T01:19:28.748Z [INFO]: [90m2025-11-03T01:19:28.748Z[39m [36mGET[39m / [36m304[39m [35m3.698 ms[39m
2025-11-03T01:19:31.302Z [INFO]: [90m2025-11-03T01:19:31.302Z[39m [36mGET[39m /map [36m304[39m [35m3.668 ms[39m
2025-11-03T01:19:31.335Z [INFO]: [90m2025-11-03T01:19:31.335Z[39m [36mGET[39m /css/style.css [36m304[39m [35m1.022 ms[39m
2025-11-03T01:19:31.338Z [INFO]: [90m2025-11-03T01:19:31.337Z[39m [36mGET[39m /js/menu.js [36m304[39m [35m1.006 ms[39m
2025-11-03T01:19:31.347Z [INFO]: [90m2025-11-03T01:19:31.347Z[39m [36mGET[39m /css/bcit-map.css [36m304[39m [35m2.849 ms[39m
2025-11-03T01:19:31.349Z [INFO]: [90m2025-11-03T01:19:31.349Z[39m [36mGET[39m /js/map.js [36m302[39m [35m3.973 ms[39m
2025-11-03T01:19:31.384Z [INFO]: [90m2025-11-03T01:19:31.384Z[39m [36mGET[39m / [36m304[39m [35m3.175 ms[39m
2025-11-03T01:19:31.386Z [INFO]: [90m2025-11-03T01:19:31.386Z[39m [36mGET[39m /js/bcit-map.js [36m304[39m [35m0.834 ms[39m
2025-11-03T01:19:31.633Z [INFO]: [90m2025-11-03T01:19:31.633Z[39m [36mGET[39m /favicon.ico [36m302[39m [35m1.177 ms[39m
2025-11-03T01:19:31.682Z [INFO]: [90m2025-11-03T01:19:31.682Z[39m [36mGET[39m / [36m304[39m [35m2.456 ms[39m
2025-11-03T01:19:31.918Z [INFO]: [90m2025-11-03T01:19:31.918Z[39m [32mGET[39m /data/bcit-buildings-index.json [32m200[39m [35m2.125 ms[39m
2025-11-03T01:19:31.920Z [INFO]: [90m2025-11-03T01:19:31.920Z[39m [32mGET[39m /data/bcit-coordinates.geojson [32m200[39m [35m2.840 ms[39m
2025-11-03T01:19:33.924Z [INFO]: [90m2025-11-03T01:19:33.924Z[39m [36mGET[39m /bcit-map [36m304[39m [35m3.757 ms[39m
2025-11-03T01:19:33.949Z [INFO]: [90m2025-11-03T01:19:33.949Z[39m [36mGET[39m /css/bcit-map.css [36m304[39m [35m0.816 ms[39m
2025-11-03T01:19:33.953Z [INFO]: [90m2025-11-03T01:19:33.953Z[39m [36mGET[39m /js/bcit-map.js [36m304[39m [35m0.722 ms[39m
2025-11-03T01:19:34.407Z [INFO]: [90m2025-11-03T01:19:34.407Z[39m [36mGET[39m /favicon.ico [36m302[39m [35m1.200 ms[39m
2025-11-03T01:19:34.422Z [INFO]: [90m2025-11-03T01:19:34.422Z[39m [36mGET[39m / [36m304[39m [35m2.405 ms[39m
2025-11-03T01:19:34.556Z [INFO]: [90m2025-11-03T01:19:34.556Z[39m [32mGET[39m /data/bcit-buildings-index.json [32m200[39m [35m3.398 ms[39m
2025-11-03T01:19:34.557Z [INFO]: [90m2025-11-03T01:19:34.557Z[39m [32mGET[39m /data/bcit-coordinates.geojson [32m200[39m [35m2.793 ms[39m
2025-11-03T01:19:41.039Z [INFO]: [90m2025-11-03T01:19:41.039Z[39m [36mGET[39m /favicon.ico [36m302[39m [35m3.202 ms[39m
2025-11-03T01:19:41.048Z [INFO]: [90m2025-11-03T01:19:41.048Z[39m [36mGET[39m / [36m304[39m [35m1.526 ms[39m
2025-11-03T01:19:42.251Z [INFO]: [90m2025-11-03T01:19:42.250Z[39m [36mGET[39m /nodes [36m302[39m [35m1.807 ms[39m
2025-11-03T01:19:42.260Z [INFO]: [90m2025-11-03T01:19:42.260Z[39m [36mGET[39m /auth/login [36m304[39m [35m4.377 ms[39m
2025-11-03T01:19:42.299Z [INFO]: [90m2025-11-03T01:19:42.299Z[39m [36mGET[39m /css/style.css [36m304[39m [35m0.589 ms[39m
2025-11-03T01:19:42.301Z [INFO]: [90m2025-11-03T01:19:42.301Z[39m [36mGET[39m /js/menu.js [36m304[39m [35m0.720 ms[39m
2025-11-03T01:19:42.302Z [INFO]: [90m2025-11-03T01:19:42.302Z[39m [36mGET[39m /js/auth-client.js [36m304[39m [35m0.737 ms[39m
2025-11-03T01:19:42.612Z [INFO]: [90m2025-11-03T01:19:42.612Z[39m [36mGET[39m /favicon.ico [36m302[39m [35m0.667 ms[39m
2025-11-03T01:19:42.620Z [INFO]: [90m2025-11-03T01:19:42.620Z[39m [36mGET[39m / [36m304[39m [35m1.766 ms[39m
2025-11-03T01:20:09.470Z [INFO]: [90m2025-11-03T01:20:09.468Z[39m [32mPOST[39m /auth/verify [32m200[39m [35m903.983 ms[39m
2025-11-03T01:20:09.526Z [INFO]: [90m2025-11-03T01:20:09.526Z[39m [36mGET[39m / [36m304[39m [35m6.328 ms[39m
2025-11-03T01:20:09.549Z [INFO]: [90m2025-11-03T01:20:09.549Z[39m [36mGET[39m /css/style.css [36m304[39m [35m1.750 ms[39m
2025-11-03T01:20:09.550Z [INFO]: [90m2025-11-03T01:20:09.550Z[39m [36mGET[39m /js/menu.js [36m304[39m [35m1.683 ms[39m
2025-11-03T01:20:09.628Z [INFO]: [90m2025-11-03T01:20:09.628Z[39m [36mGET[39m /favicon.ico [36m302[39m [35m1.833 ms[39m
2025-11-03T01:20:09.636Z [INFO]: [90m2025-11-03T01:20:09.636Z[39m [36mGET[39m / [36m304[39m [35m2.901 ms[39m
2025-11-03T01:20:39.760Z [INFO]: [90m2025-11-03T01:20:39.760Z[39m [32mPOST[39m /auth/sessionLogout [32m200[39m [35m2.901 ms[39m
2025-11-03T01:20:39.763Z [INFO]: [90m2025-11-03T01:20:39.763Z[39m [36mGET[39m /favicon.ico [36m302[39m [35m1.333 ms[39m
2025-11-03T01:20:39.786Z [INFO]: [90m2025-11-03T01:20:39.786Z[39m [36mGET[39m / [36m304[39m [35m8.268 ms[39m
2025-11-03T01:20:39.795Z [INFO]: [90m2025-11-03T01:20:39.794Z[39m [36mGET[39m / [36m304[39m [35m5.296 ms[39m
2025-11-03T01:20:39.809Z [INFO]: [90m2025-11-03T01:20:39.809Z[39m [36mGET[39m /css/style.css [36m304[39m [35m1.762 ms[39m
2025-11-03T01:20:39.813Z [INFO]: [90m2025-11-03T01:20:39.813Z[39m [36mGET[39m /js/menu.js [36m304[39m [35m1.454 ms[39m
2025-11-03T01:20:39.903Z [INFO]: [90m2025-11-03T01:20:39.903Z[39m [36mGET[39m /favicon.ico [36m302[39m [35m0.840 ms[39m
2025-11-03T01:20:39.909Z [INFO]: [90m2025-11-03T01:20:39.909Z[39m [36mGET[39m / [36m304[39m [35m2.421 ms[39m
2025-11-03T01:20:40.667Z [INFO]: [90m2025-11-03T01:20:40.667Z[39m [36mGET[39m /auth/login [36m304[39m [35m2.760 ms[39m
2025-11-03T01:20:40.712Z [INFO]: [90m2025-11-03T01:20:40.712Z[39m [36mGET[39m /css/style.css [36m304[39m [35m0.738 ms[39m
2025-11-03T01:20:40.714Z [INFO]: [90m2025-11-03T01:20:40.714Z[39m [36mGET[39m /js/menu.js [36m304[39m [35m0.841 ms[39m
2025-11-03T01:20:40.716Z [INFO]: [90m2025-11-03T01:20:40.715Z[39m [36mGET[39m /js/auth-client.js [36m304[39m [35m1.024 ms[39m
2025-11-03T01:20:40.791Z [INFO]: [90m2025-11-03T01:20:40.791Z[39m [36mGET[39m /favicon.ico [36m302[39m [35m1.105 ms[39m
2025-11-03T01:20:40.801Z [INFO]: [90m2025-11-03T01:20:40.801Z[39m [36mGET[39m / [36m304[39m [35m1.944 ms[39m
2025-11-03T01:20:50.735Z [INFO]: [90m2025-11-03T01:20:50.735Z[39m [32mPOST[39m /auth/verify [32m200[39m [35m362.602 ms[39m
2025-11-03T01:20:50.754Z [INFO]: [90m2025-11-03T01:20:50.754Z[39m [36mGET[39m / [36m304[39m [35m2.700 ms[39m
2025-11-03T01:20:50.809Z [INFO]: [90m2025-11-03T01:20:50.809Z[39m [36mGET[39m /css/style.css [36m304[39m [35m0.677 ms[39m
2025-11-03T01:20:50.812Z [INFO]: [90m2025-11-03T01:20:50.812Z[39m [36mGET[39m /js/menu.js [36m304[39m [35m1.072 ms[39m
2025-11-03T01:20:50.904Z [INFO]: [90m2025-11-03T01:20:50.904Z[39m [36mGET[39m /favicon.ico [36m302[39m [35m1.702 ms[39m
2025-11-03T01:20:50.921Z [INFO]: [90m2025-11-03T01:20:50.921Z[39m [36mGET[39m / [36m304[39m [35m2.780 ms[39m
2025-11-03T01:57:44.069Z [INFO]: [90m2025-11-03T01:57:44.068Z[39m [36mGET[39m /map [36m304[39m [35m26.943 ms[39m
2025-11-03T01:57:44.116Z [INFO]: [90m2025-11-03T01:57:44.116Z[39m [36mGET[39m /css/style.css [36m304[39m [35m3.820 ms[39m
2025-11-03T01:57:44.122Z [INFO]: [90m2025-11-03T01:57:44.122Z[39m [36mGET[39m /js/menu.js [36m304[39m [35m1.335 ms[39m
2025-11-03T01:57:44.131Z [INFO]: [90m2025-11-03T01:57:44.130Z[39m [36mGET[39m /css/bcit-map.css [36m304[39m [35m3.494 ms[39m
2025-11-03T01:57:44.136Z [INFO]: [90m2025-11-03T01:57:44.136Z[39m [36mGET[39m /js/map.js [36m302[39m [35m7.236 ms[39m
2025-11-03T01:57:44.219Z [INFO]: [90m2025-11-03T01:57:44.219Z[39m [36mGET[39m / [36m304[39m [35m3.529 ms[39m
2025-11-03T01:57:44.220Z [INFO]: [90m2025-11-03T01:57:44.220Z[39m [36mGET[39m /js/bcit-map.js [36m304[39m [35m3.947 ms[39m
2025-11-03T01:57:44.726Z [INFO]: [90m2025-11-03T01:57:44.726Z[39m [36mGET[39m /favicon.ico [36m302[39m [35m1.303 ms[39m
2025-11-03T01:57:44.747Z [INFO]: [90m2025-11-03T01:57:44.747Z[39m [36mGET[39m / [36m304[39m [35m3.614 ms[39m
2025-11-03T01:57:45.043Z [INFO]: [90m2025-11-03T01:57:45.043Z[39m [32mGET[39m /data/bcit-buildings-index.json [32m200[39m [35m3.857 ms[39m
2025-11-03T01:57:45.047Z [INFO]: [90m2025-11-03T01:57:45.047Z[39m [32mGET[39m /data/bcit-coordinates.geojson [32m200[39m [35m3.984 ms[39m
2025-11-03T01:57:45.299Z [INFO]: [90m2025-11-03T01:57:45.299Z[39m [36mGET[39m /nodes [36m302[39m [35m1.693 ms[39m
2025-11-03T01:57:45.306Z [INFO]: [90m2025-11-03T01:57:45.306Z[39m [36mGET[39m /auth/login [36m304[39m [35m2.732 ms[39m
2025-11-03T01:57:45.340Z [INFO]: [90m2025-11-03T01:57:45.339Z[39m [36mGET[39m /css/style.css [36m304[39m [35m0.884 ms[39m
2025-11-03T01:57:45.343Z [INFO]: [90m2025-11-03T01:57:45.343Z[39m [36mGET[39m /js/auth-client.js [36m304[39m [35m1.652 ms[39m
2025-11-03T01:57:45.345Z [INFO]: [90m2025-11-03T01:57:45.345Z[39m [36mGET[39m /js/menu.js [36m304[39m [35m3.799 ms[39m
2025-11-03T01:57:45.463Z [INFO]: [90m2025-11-03T01:57:45.463Z[39m [36mGET[39m /favicon.ico [36m302[39m [35m1.493 ms[39m
2025-11-03T01:57:45.490Z [INFO]: [90m2025-11-03T01:57:45.490Z[39m [36mGET[39m / [36m304[39m [35m2.009 ms[39m
2025-11-03T01:57:46.308Z [INFO]: [90m2025-11-03T01:57:46.308Z[39m [36mGET[39m /about [36m304[39m [35m5.592 ms[39m
2025-11-03T01:57:46.392Z [INFO]: [90m2025-11-03T01:57:46.392Z[39m [36mGET[39m /css/style.css [36m304[39m [35m1.228 ms[39m
2025-11-03T01:57:46.395Z [INFO]: [90m2025-11-03T01:57:46.395Z[39m [36mGET[39m /js/menu.js [36m304[39m [35m1.087 ms[39m
2025-11-03T01:57:46.536Z [INFO]: [90m2025-11-03T01:57:46.536Z[39m [36mGET[39m /favicon.ico [36m302[39m [35m1.090 ms[39m
2025-11-03T01:57:46.548Z [INFO]: [90m2025-11-03T01:57:46.548Z[39m [36mGET[39m / [36m304[39m [35m1.855 ms[39m
2025-11-03T01:57:47.148Z [INFO]: [90m2025-11-03T01:57:47.148Z[39m [36mGET[39m /nodes [36m302[39m [35m1.528 ms[39m
2025-11-03T01:57:47.160Z [INFO]: [90m2025-11-03T01:57:47.160Z[39m [36mGET[39m /auth/login [36m304[39m [35m3.890 ms[39m
2025-11-03T01:57:47.209Z [INFO]: [90m2025-11-03T01:57:47.209Z[39m [36mGET[39m /css/style.css [36m304[39m [35m1.521 ms[39m
2025-11-03T01:57:47.210Z [INFO]: [90m2025-11-03T01:57:47.210Z[39m [36mGET[39m /js/menu.js [36m304[39m [35m2.004 ms[39m
2025-11-03T01:57:47.211Z [INFO]: [90m2025-11-03T01:57:47.211Z[39m [36mGET[39m /js/auth-client.js [36m304[39m [35m2.779 ms[39m
2025-11-03T01:57:47.302Z [INFO]: [90m2025-11-03T01:57:47.302Z[39m [36mGET[39m /favicon.ico [36m302[39m [35m0.821 ms[39m
2025-11-03T01:57:47.318Z [INFO]: [90m2025-11-03T01:57:47.318Z[39m [36mGET[39m / [36m304[39m [35m3.064 ms[39m
2025-11-03T01:57:49.088Z [INFO]: [90m2025-11-03T01:57:49.088Z[39m [32mPOST[39m /auth/sessionLogout [32m200[39m [35m2.054 ms[39m
2025-11-03T01:57:49.091Z [INFO]: [90m2025-11-03T01:57:49.091Z[39m [36mGET[39m /favicon.ico [36m302[39m [35m1.001 ms[39m
2025-11-03T01:57:49.106Z [INFO]: [90m2025-11-03T01:57:49.106Z[39m [36mGET[39m / [36m304[39m [35m1.867 ms[39m
2025-11-03T01:57:49.109Z [INFO]: [90m2025-11-03T01:57:49.108Z[39m [36mGET[39m / [36m304[39m [35m1.703 ms[39m
2025-11-03T01:57:49.151Z [INFO]: [90m2025-11-03T01:57:49.151Z[39m [36mGET[39m /css/style.css [36m304[39m [35m1.090 ms[39m
2025-11-03T01:57:49.152Z [INFO]: [90m2025-11-03T01:57:49.152Z[39m [36mGET[39m /js/menu.js [36m304[39m [35m1.535 ms[39m
2025-11-03T01:57:49.297Z [INFO]: [90m2025-11-03T01:57:49.297Z[39m [36mGET[39m /favicon.ico [36m302[39m [35m1.058 ms[39m
2025-11-03T01:57:49.305Z [INFO]: [90m2025-11-03T01:57:49.305Z[39m [36mGET[39m / [36m304[39m [35m2.359 ms[39m
2025-11-03T01:57:50.543Z [INFO]: [90m2025-11-03T01:57:50.543Z[39m [36mGET[39m /nodes [36m302[39m [35m1.456 ms[39m
2025-11-03T01:57:50.554Z [INFO]: [90m2025-11-03T01:57:50.554Z[39m [36mGET[39m /auth/login [36m304[39m [35m3.891 ms[39m
2025-11-03T01:57:50.593Z [INFO]: [90m2025-11-03T01:57:50.593Z[39m [36mGET[39m /css/style.css [36m304[39m [35m0.651 ms[39m
2025-11-03T01:57:50.596Z [INFO]: [90m2025-11-03T01:57:50.596Z[39m [36mGET[39m /js/menu.js [36m304[39m [35m2.374 ms[39m
2025-11-03T01:57:50.598Z [INFO]: [90m2025-11-03T01:57:50.598Z[39m [36mGET[39m /js/auth-client.js [36m304[39m [35m2.985 ms[39m
2025-11-03T01:57:50.789Z [INFO]: [90m2025-11-03T01:57:50.789Z[39m [36mGET[39m /favicon.ico [36m302[39m [35m0.825 ms[39m
2025-11-03T01:57:50.798Z [INFO]: [90m2025-11-03T01:57:50.798Z[39m [36mGET[39m / [36m304[39m [35m2.170 ms[39m
2025-11-03T01:57:51.556Z [INFO]: [90m2025-11-03T01:57:51.556Z[39m [36mGET[39m / [36m304[39m [35m3.835 ms[39m
2025-11-03T01:57:51.590Z [INFO]: [90m2025-11-03T01:57:51.590Z[39m [36mGET[39m /css/style.css [36m304[39m [35m2.074 ms[39m
2025-11-03T01:57:51.591Z [INFO]: [90m2025-11-03T01:57:51.591Z[39m [36mGET[39m /js/menu.js [36m304[39m [35m2.180 ms[39m
2025-11-03T01:57:51.692Z [INFO]: [90m2025-11-03T01:57:51.692Z[39m [36mGET[39m /favicon.ico [36m302[39m [35m1.030 ms[39m
2025-11-03T01:57:51.701Z [INFO]: [90m2025-11-03T01:57:51.701Z[39m [36mGET[39m / [36m304[39m [35m1.719 ms[39m
2025-11-03T01:57:58.341Z [INFO]: [90m2025-11-03T01:57:58.341Z[39m [36mGET[39m /auth/login [36m304[39m [35m2.714 ms[39m
2025-11-03T01:57:58.372Z [INFO]: [90m2025-11-03T01:57:58.372Z[39m [36mGET[39m /css/style.css [36m304[39m [35m0.876 ms[39m
2025-11-03T01:57:58.376Z [INFO]: [90m2025-11-03T01:57:58.376Z[39m [36mGET[39m /js/menu.js [36m304[39m [35m2.443 ms[39m
2025-11-03T01:57:58.377Z [INFO]: [90m2025-11-03T01:57:58.377Z[39m [36mGET[39m /js/auth-client.js [36m304[39m [35m2.260 ms[39m
2025-11-03T01:57:58.613Z [INFO]: [90m2025-11-03T01:57:58.613Z[39m [36mGET[39m /favicon.ico [36m302[39m [35m2.484 ms[39m
2025-11-03T01:57:58.628Z [INFO]: [90m2025-11-03T01:57:58.628Z[39m [36mGET[39m / [36m304[39m [35m1.897 ms[39m
2025-11-03T01:58:11.376Z [INFO]: [90m2025-11-03T01:58:11.375Z[39m [32mPOST[39m /auth/verify [32m200[39m [35m1242.399 ms[39m
2025-11-03T01:58:11.476Z [INFO]: [90m2025-11-03T01:58:11.476Z[39m [36mGET[39m / [36m304[39m [35m23.994 ms[39m
2025-11-03T01:58:11.528Z [INFO]: [90m2025-11-03T01:58:11.528Z[39m [36mGET[39m /css/style.css [36m304[39m [35m2.062 ms[39m
2025-11-03T01:58:11.530Z [INFO]: [90m2025-11-03T01:58:11.530Z[39m [36mGET[39m /js/menu.js [36m304[39m [35m2.902 ms[39m
2025-11-03T01:58:11.623Z [INFO]: [90m2025-11-03T01:58:11.623Z[39m [36mGET[39m /favicon.ico [36m302[39m [35m2.849 ms[39m
2025-11-03T01:58:11.638Z [INFO]: [90m2025-11-03T01:58:11.638Z[39m [36mGET[39m / [36m304[39m [35m3.135 ms[39m
2025-11-03T01:59:36.510Z [INFO]: [90m2025-11-03T01:59:36.510Z[39m [36mGET[39m /map [36m304[39m [35m18.748 ms[39m
2025-11-03T01:59:36.552Z [INFO]: [90m2025-11-03T01:59:36.552Z[39m [36mGET[39m /css/style.css [36m304[39m [35m1.882 ms[39m
2025-11-03T01:59:36.558Z [INFO]: [90m2025-11-03T01:59:36.558Z[39m [36mGET[39m /css/bcit-map.css [36m304[39m [35m1.557 ms[39m
2025-11-03T01:59:36.560Z [INFO]: [90m2025-11-03T01:59:36.560Z[39m [36mGET[39m /js/menu.js [36m304[39m [35m3.476 ms[39m
2025-11-03T01:59:36.564Z [INFO]: [90m2025-11-03T01:59:36.564Z[39m [36mGET[39m /js/map.js [36m302[39m [35m3.883 ms[39m
2025-11-03T01:59:36.591Z [INFO]: [90m2025-11-03T01:59:36.591Z[39m [36mGET[39m /js/bcit-map.js [36m304[39m [35m0.695 ms[39m
2025-11-03T01:59:36.601Z [INFO]: [90m2025-11-03T01:59:36.601Z[39m [36mGET[39m / [36m304[39m [35m2.907 ms[39m
2025-11-03T01:59:37.170Z [INFO]: [90m2025-11-03T01:59:37.170Z[39m [36mGET[39m /favicon.ico [36m302[39m [35m1.780 ms[39m
2025-11-03T01:59:37.182Z [INFO]: [90m2025-11-03T01:59:37.182Z[39m [36mGET[39m / [36m304[39m [35m2.708 ms[39m
2025-11-03T01:59:37.449Z [INFO]: [90m2025-11-03T01:59:37.449Z[39m [32mGET[39m /data/bcit-buildings-index.json [32m200[39m [35m1.857 ms[39m
2025-11-03T01:59:37.450Z [INFO]: [90m2025-11-03T01:59:37.450Z[39m [32mGET[39m /data/bcit-coordinates.geojson [32m200[39m [35m1.911 ms[39m
2025-11-03T01:59:41.376Z [INFO]: [90m2025-11-03T01:59:41.376Z[39m [36mGET[39m /nodes [36m302[39m [35m1.920 ms[39m
2025-11-03T01:59:41.389Z [INFO]: [90m2025-11-03T01:59:41.389Z[39m [36mGET[39m /auth/login [36m304[39m [35m3.987 ms[39m
2025-11-03T01:59:41.447Z [INFO]: [90m2025-11-03T01:59:41.447Z[39m [36mGET[39m /css/style.css [36m304[39m [35m1.047 ms[39m
2025-11-03T01:59:41.451Z [INFO]: [90m2025-11-03T01:59:41.451Z[39m [36mGET[39m /js/menu.js [36m304[39m [35m0.886 ms[39m
2025-11-03T01:59:41.454Z [INFO]: [90m2025-11-03T01:59:41.454Z[39m [36mGET[39m /js/auth-client.js [36m304[39m [35m1.562 ms[39m
2025-11-03T01:59:41.696Z [INFO]: [90m2025-11-03T01:59:41.696Z[39m [36mGET[39m /favicon.ico [36m302[39m [35m0.877 ms[39m
2025-11-03T01:59:41.701Z [INFO]: [90m2025-11-03T01:59:41.701Z[39m [36mGET[39m / [36m304[39m [35m1.611 ms[39m
2025-11-03T01:59:43.274Z [INFO]: [90m2025-11-03T01:59:43.274Z[39m [36mGET[39m /about [36m304[39m [35m4.609 ms[39m
2025-11-03T01:59:43.316Z [INFO]: [90m2025-11-03T01:59:43.316Z[39m [36mGET[39m /css/style.css [36m304[39m [35m0.860 ms[39m
2025-11-03T01:59:43.317Z [INFO]: [90m2025-11-03T01:59:43.317Z[39m [36mGET[39m /js/menu.js [36m304[39m [35m0.959 ms[39m
2025-11-03T01:59:43.530Z [INFO]: [90m2025-11-03T01:59:43.530Z[39m [36mGET[39m /favicon.ico [36m302[39m [35m0.731 ms[39m
2025-11-03T01:59:43.545Z [INFO]: [90m2025-11-03T01:59:43.545Z[39m [36mGET[39m / [36m304[39m [35m2.073 ms[39m
2025-11-03T01:59:44.166Z [INFO]: [90m2025-11-03T01:59:44.166Z[39m [32mPOST[39m /auth/sessionLogout [32m200[39m [35m2.657 ms[39m
2025-11-03T01:59:44.173Z [INFO]: [90m2025-11-03T01:59:44.172Z[39m [36mGET[39m /favicon.ico [36m302[39m [35m1.506 ms[39m
2025-11-03T01:59:44.195Z [INFO]: [90m2025-11-03T01:59:44.195Z[39m [36mGET[39m / [36m304[39m [35m1.380 ms[39m
2025-11-03T01:59:44.198Z [INFO]: [90m2025-11-03T01:59:44.198Z[39m [36mGET[39m / [36m304[39m [35m1.981 ms[39m
2025-11-03T01:59:44.253Z [INFO]: [90m2025-11-03T01:59:44.252Z[39m [36mGET[39m /css/style.css [36m304[39m [35m0.745 ms[39m
2025-11-03T01:59:44.255Z [INFO]: [90m2025-11-03T01:59:44.255Z[39m [36mGET[39m /js/menu.js [36m304[39m [35m0.870 ms[39m
2025-11-03T01:59:44.411Z [INFO]: [90m2025-11-03T01:59:44.411Z[39m [36mGET[39m /favicon.ico [36m302[39m [35m0.991 ms[39m
2025-11-03T01:59:44.425Z [INFO]: [90m2025-11-03T01:59:44.425Z[39m [36mGET[39m / [36m304[39m [35m1.553 ms[39m
